<?xml version="1.0" encoding="UTF-8"?>
<testsuite xmlns:xsi="http://www.w3.org/2001/XMLSchema-instance" xsi:noNamespaceSchemaLocation="https://maven.apache.org/surefire/maven-surefire-plugin/xsd/surefire-test-report-3.0.xsd" version="3.0" name="GraphTest" time="0.015" tests="4" errors="0" skipped="0" failures="0">
  <properties>
[...]
</properties>
  <testcase name="testFeature4_OutputDOTGraph" classname="GraphTest" time="0.008"/>
  <testcase name="testFeature1_ParseGraph" classname="GraphTest" time="0.003"/>
  <testcase name="testFeature3_AddEdges" classname="GraphTest" time="0.001"/>
  <testcase name="testFeature2_AddNodes" classname="GraphTest" time="0.001"/>
</testsuite>